<?xml version="1.0" encoding="UTF-8"?>
<!-- Generated by org.testng.reporters.JUnitXMLReporter -->
<testsuite hostname="IBM200-PC07QF34" ignored="2" name="SmokeTesting" tests="2" failures="0" timestamp="14 Aug 2019 05:28:18 GMT" time="0.11" errors="0">
  <testcase name="A" time="0.031" classname="TestNG_pack.Demo7_TestNG_Groups"/>
  <testcase name="B" time="0.0" classname="TestNG_pack.Demo7_TestNG_Groups"/>
  <testcase name="C" time="0.0" classname="TestNG_pack.Demo7_TestNG_Groups">
    <ignored/>
  </testcase> <!-- C -->
  <testcase name="D" time="0.0" classname="TestNG_pack.Demo7_TestNG_Groups">
    <ignored/>
  </testcase> <!-- D -->
</testsuite> <!-- SmokeTesting -->
